<?xml version="1.0" encoding="UTF-8"?>
<testng-results skipped="0" failed="0" ignored="0" total="1" passed="1">
  <reporter-output>
  </reporter-output>
  <suite name="Suite" duration-ms="7464" started-at="2019-09-03T14:37:04Z" finished-at="2019-09-03T14:37:12Z">
    <groups>
    </groups>
    <test name="test" duration-ms="7464" started-at="2019-09-03T14:37:04Z" finished-at="2019-09-03T14:37:12Z">
      <class name="com.chenfeng.project.GridExample">
        <test-method status="PASS" signature="testGrid()[pri:0, instance:com.chenfeng.project.GridExample@610694f1]" name="testGrid" duration-ms="7439" started-at="2019-09-03T14:37:04Z" finished-at="2019-09-03T14:37:12Z">
          <reporter-output>
          </reporter-output>
        </test-method> <!-- testGrid -->
      </class> <!-- com.chenfeng.project.GridExample -->
    </test> <!-- test -->
  </suite> <!-- Suite -->
</testng-results>
